# JRE version: Java(TM) SE Runtime Environment (8.0_181-b13) (build 1.8.0_181-b13)
# Java VM: Java HotSpot(TM) 64-Bit Server VM (25.181-b13 mixed mode windows-amd64 compressed oops)
Heap:
 PSYoungGen      total 300032K, used 167052K [0x000000076b300000, 0x0000000782c80000, 0x00000007c0000000)
  eden space 286208K, 53% used [0x000000076b300000,0x00000007748a7a38,0x000000077ca80000)
  from space 13824K, 99% used [0x000000077ca80000,0x000000077d7fb780,0x000000077d800000)
  to   space 16896K, 0% used [0x0000000781c00000,0x0000000781c00000,0x0000000782c80000)
 ParOldGen       total 153600K, used 28171K [0x00000006c1800000, 0x00000006cae00000, 0x000000076b300000)
  object space 153600K, 18% used [0x00000006c1800000,0x00000006c3382cf0,0x00000006cae00000)
 Metaspace       used 55082K, capacity 57120K, committed 57472K, reserved 1099776K
  class space    used 7332K, capacity 7717K, committed 7808K, reserved 1048576K
GC Heap History (10 events):
Event: 8.130 GC heap before
{Heap before GC invocations=11 (full 2):
 PSYoungGen      total 178688K, used 10421K [0x000000076b300000, 0x000000077b380000, 0x00000007c0000000)
  eden space 165376K, 0% used [0x000000076b300000,0x000000076b300000,0x0000000775480000)
  from space 13312K, 78% used [0x0000000775480000,0x0000000775ead440,0x0000000776180000)
  to   space 13824K, 0% used [0x000000077a600000,0x000000077a600000,0x000000077b380000)
 ParOldGen       total 103936K, used 14546K [0x00000006c1800000, 0x00000006c7d80000, 0x000000076b300000)
  object space 103936K, 13% used [0x00000006c1800000,0x00000006c2634b58,0x00000006c7d80000)
 Metaspace       used 33884K, capacity 35304K, committed 35496K, reserved 1079296K
  class space    used 4501K, capacity 4776K, committed 4864K, reserved 1048576K
Event: 8.169 GC heap after
Heap after GC invocations=11 (full 2):
 PSYoungGen      total 178688K, used 0K [0x000000076b300000, 0x000000077b380000, 0x00000007c0000000)
  eden space 165376K, 0% used [0x000000076b300000,0x000000076b300000,0x0000000775480000)
  from space 13312K, 0% used [0x0000000775480000,0x0000000775480000,0x0000000776180000)
  to   space 13824K, 0% used [0x000000077a600000,0x000000077a600000,0x000000077b380000)
 ParOldGen       total 153600K, used 20238K [0x00000006c1800000, 0x00000006cae00000, 0x000000076b300000)
  object space 153600K, 13% used [0x00000006c1800000,0x00000006c2bc3830,0x00000006cae00000)
 Metaspace       used 33884K, capacity 35304K, committed 35496K, reserved 1079296K
  class space    used 4501K, capacity 4776K, committed 4864K, reserved 1048576K
}
Event: 9.440 GC heap before
{Heap before GC invocations=12 (full 2):
 PSYoungGen      total 178688K, used 165376K [0x000000076b300000, 0x000000077b380000, 0x00000007c0000000)
  eden space 165376K, 100% used [0x000000076b300000,0x0000000775480000,0x0000000775480000)
  from space 13312K, 0% used [0x0000000775480000,0x0000000775480000,0x0000000776180000)
  to   space 13824K, 0% used [0x000000077a600000,0x000000077a600000,0x000000077b380000)
 ParOldGen       total 153600K, used 20238K [0x00000006c1800000, 0x00000006cae00000, 0x000000076b300000)
  object space 153600K, 13% used [0x00000006c1800000,0x00000006c2bc3830,0x00000006cae00000)
 Metaspace       used 35484K, capacity 36916K, committed 37248K, reserved 1081344K
  class space    used 4695K, capacity 4970K, committed 4992K, reserved 1048576K
Event: 9.442 GC heap after
Heap after GC invocations=12 (full 2):
 PSYoungGen      total 224256K, used 1238K [0x000000076b300000, 0x000000077a800000, 0x00000007c0000000)
  eden space 222208K, 0% used [0x000000076b300000,0x000000076b300000,0x0000000778c00000)
  from space 2048K, 60% used [0x000000077a600000,0x000000077a7359c0,0x000000077a800000)
  to   space 14336K, 0% used [0x0000000778c00000,0x0000000778c00000,0x0000000779a00000)
 ParOldGen       total 153600K, used 20246K [0x00000006c1800000, 0x00000006cae00000, 0x000000076b300000)
  object space 153600K, 13% used [0x00000006c1800000,0x00000006c2bc5830,0x00000006cae00000)
 Metaspace       used 35484K, capacity 36916K, committed 37248K, reserved 1081344K
  class space    used 4695K, capacity 4970K, committed 4992K, reserved 1048576K
}
Event: 11.202 GC heap before
{Heap before GC invocations=13 (full 2):
 PSYoungGen      total 224256K, used 223446K [0x000000076b300000, 0x000000077a800000, 0x00000007c0000000)
  eden space 222208K, 100% used [0x000000076b300000,0x0000000778c00000,0x0000000778c00000)
  from space 2048K, 60% used [0x000000077a600000,0x000000077a7359c0,0x000000077a800000)
  to   space 14336K, 0% used [0x0000000778c00000,0x0000000778c00000,0x0000000779a00000)
 ParOldGen       total 153600K, used 20246K [0x00000006c1800000, 0x00000006cae00000, 0x000000076b300000)
  object space 153600K, 13% used [0x00000006c1800000,0x00000006c2bc5830,0x00000006cae00000)
 Metaspace       used 37612K, capacity 39206K, committed 39424K, reserved 1083392K
  class space    used 4974K, capacity 5283K, committed 5376K, reserved 1048576K
Event: 11.208 GC heap after
Heap after GC invocations=13 (full 2):
 PSYoungGen      total 236544K, used 6528K [0x000000076b300000, 0x000000077eb00000, 0x00000007c0000000)
  eden space 222208K, 0% used [0x000000076b300000,0x000000076b300000,0x0000000778c00000)
  from space 14336K, 45% used [0x0000000778c00000,0x0000000779260228,0x0000000779a00000)
  to   space 13824K, 0% used [0x000000077dd80000,0x000000077dd80000,0x000000077eb00000)
 ParOldGen       total 153600K, used 20462K [0x00000006c1800000, 0x00000006cae00000, 0x000000076b300000)
  object space 153600K, 13% used [0x00000006c1800000,0x00000006c2bfb830,0x00000006cae00000)
 Metaspace       used 37612K, capacity 39206K, committed 39424K, reserved 1083392K
  class space    used 4974K, capacity 5283K, committed 5376K, reserved 1048576K
}
Event: 16.065 GC heap before
{Heap before GC invocations=14 (full 2):
 PSYoungGen      total 236544K, used 228736K [0x000000076b300000, 0x000000077eb00000, 0x00000007c0000000)
  eden space 222208K, 100% used [0x000000076b300000,0x0000000778c00000,0x0000000778c00000)
  from space 14336K, 45% used [0x0000000778c00000,0x0000000779260228,0x0000000779a00000)
  to   space 13824K, 0% used [0x000000077dd80000,0x000000077dd80000,0x000000077eb00000)
 ParOldGen       total 153600K, used 20462K [0x00000006c1800000, 0x00000006cae00000, 0x000000076b300000)
  object space 153600K, 13% used [0x00000006c1800000,0x00000006c2bfb830,0x00000006cae00000)
 Metaspace       used 41694K, capacity 43558K, committed 43776K, reserved 1087488K
  class space    used 5535K, capacity 5878K, committed 5888K, reserved 1048576K
Event: 16.074 GC heap after
Heap after GC invocations=14 (full 2):
 PSYoungGen      total 292864K, used 8157K [0x000000076b300000, 0x000000077e580000, 0x00000007c0000000)
  eden space 284672K, 0% used [0x000000076b300000,0x000000076b300000,0x000000077c900000)
  from space 8192K, 99% used [0x000000077dd80000,0x000000077e577440,0x000000077e580000)
  to   space 13824K, 0% used [0x000000077ca80000,0x000000077ca80000,0x000000077d800000)
 ParOldGen       total 153600K, used 25110K [0x00000006c1800000, 0x00000006cae00000, 0x000000076b300000)
  object space 153600K, 16% used [0x00000006c1800000,0x00000006c3085830,0x00000006cae00000)
 Metaspace       used 41694K, capacity 43558K, committed 43776K, reserved 1087488K
  class space    used 5535K, capacity 5878K, committed 5888K, reserved 1048576K
}
Event: 52.852 GC heap before
{Heap before GC invocations=15 (full 2):
 PSYoungGen      total 292864K, used 292829K [0x000000076b300000, 0x000000077e580000, 0x00000007c0000000)
  eden space 284672K, 100% used [0x000000076b300000,0x000000077c900000,0x000000077c900000)
  from space 8192K, 99% used [0x000000077dd80000,0x000000077e577440,0x000000077e580000)
  to   space 13824K, 0% used [0x000000077ca80000,0x000000077ca80000,0x000000077d800000)
 ParOldGen       total 153600K, used 25110K [0x00000006c1800000, 0x00000006cae00000, 0x000000076b300000)
  object space 153600K, 16% used [0x00000006c1800000,0x00000006c3085830,0x00000006cae00000)
 Metaspace       used 49970K, capacity 51944K, committed 52096K, reserved 1093632K
  class space    used 6680K, capacity 7021K, committed 7040K, reserved 1048576K
Event: 52.865 GC heap after
Heap after GC invocations=15 (full 2):
 PSYoungGen      total 300032K, used 13805K [0x000000076b300000, 0x0000000782c80000, 0x00000007c0000000)
  eden space 286208K, 0% used [0x000000076b300000,0x000000076b300000,0x000000077ca80000)
  from space 13824K, 99% used [0x000000077ca80000,0x000000077d7fb780,0x000000077d800000)
  to   space 16896K, 0% used [0x0000000781c00000,0x0000000781c00000,0x0000000782c80000)
 ParOldGen       total 153600K, used 28171K [0x00000006c1800000, 0x00000006cae00000, 0x000000076b300000)
  object space 153600K, 18% used [0x00000006c1800000,0x00000006c3382cf0,0x00000006cae00000)
 Metaspace       used 49970K, capacity 51944K, committed 52096K, reserved 1093632K
  class space    used 6680K, capacity 7021K, committed 7040K, reserved 1048576K
}

