# JRE version: Java(TM) SE Runtime Environment (8.0_181-b13) (build 1.8.0_181-b13)
# Java VM: Java HotSpot(TM) 64-Bit Server VM (25.181-b13 mixed mode windows-amd64 compressed oops)
Heap:
 PSYoungGen      total 314880K, used 131032K [0x000000076b300000, 0x0000000783e80000, 0x00000007c0000000)
  eden space 301056K, 39% used [0x000000076b300000,0x0000000772746b30,0x000000077d900000)
  from space 13824K, 86% used [0x000000077d900000,0x000000077e4af598,0x000000077e680000)
  to   space 14848K, 0% used [0x0000000783000000,0x0000000783000000,0x0000000783e80000)
 ParOldGen       total 147456K, used 30026K [0x00000006c1800000, 0x00000006ca800000, 0x000000076b300000)
  object space 147456K, 20% used [0x00000006c1800000,0x00000006c35529e0,0x00000006ca800000)
 Metaspace       used 55108K, capacity 57136K, committed 57472K, reserved 1099776K
  class space    used 7349K, capacity 7747K, committed 7808K, reserved 1048576K
GC Heap History (10 events):
Event: 8.663 GC heap before
{Heap before GC invocations=11 (full 2):
 PSYoungGen      total 183808K, used 10226K [0x000000076b300000, 0x000000077bd80000, 0x00000007c0000000)
  eden space 170496K, 0% used [0x000000076b300000,0x000000076b300000,0x0000000775980000)
  from space 13312K, 76% used [0x0000000775980000,0x000000077637c808,0x0000000776680000)
  to   space 13824K, 0% used [0x000000077b000000,0x000000077b000000,0x000000077bd80000)
 ParOldGen       total 100864K, used 14845K [0x00000006c1800000, 0x00000006c7a80000, 0x000000076b300000)
  object space 100864K, 14% used [0x00000006c1800000,0x00000006c267f6a0,0x00000006c7a80000)
 Metaspace       used 33899K, capacity 35300K, committed 35496K, reserved 1079296K
  class space    used 4511K, capacity 4776K, committed 4864K, reserved 1048576K
Event: 8.703 GC heap after
Heap after GC invocations=11 (full 2):
 PSYoungGen      total 183808K, used 0K [0x000000076b300000, 0x000000077bd80000, 0x00000007c0000000)
  eden space 170496K, 0% used [0x000000076b300000,0x000000076b300000,0x0000000775980000)
  from space 13312K, 0% used [0x0000000775980000,0x0000000775980000,0x0000000776680000)
  to   space 13824K, 0% used [0x000000077b000000,0x000000077b000000,0x000000077bd80000)
 ParOldGen       total 147456K, used 20209K [0x00000006c1800000, 0x00000006ca800000, 0x000000076b300000)
  object space 147456K, 13% used [0x00000006c1800000,0x00000006c2bbc6f8,0x00000006ca800000)
 Metaspace       used 33899K, capacity 35300K, committed 35496K, reserved 1079296K
  class space    used 4511K, capacity 4776K, committed 4864K, reserved 1048576K
}
Event: 10.222 GC heap before
{Heap before GC invocations=12 (full 2):
 PSYoungGen      total 183808K, used 170496K [0x000000076b300000, 0x000000077bd80000, 0x00000007c0000000)
  eden space 170496K, 100% used [0x000000076b300000,0x0000000775980000,0x0000000775980000)
  from space 13312K, 0% used [0x0000000775980000,0x0000000775980000,0x0000000776680000)
  to   space 13824K, 0% used [0x000000077b000000,0x000000077b000000,0x000000077bd80000)
 ParOldGen       total 147456K, used 20209K [0x00000006c1800000, 0x00000006ca800000, 0x000000076b300000)
  object space 147456K, 13% used [0x00000006c1800000,0x00000006c2bbc6f8,0x00000006ca800000)
 Metaspace       used 35412K, capacity 36860K, committed 37248K, reserved 1081344K
  class space    used 4697K, capacity 4972K, committed 4992K, reserved 1048576K
Event: 10.224 GC heap after
Heap after GC invocations=12 (full 2):
 PSYoungGen      total 232448K, used 1174K [0x000000076b300000, 0x000000077b180000, 0x00000007c0000000)
  eden space 230912K, 0% used [0x000000076b300000,0x000000076b300000,0x0000000779480000)
  from space 1536K, 76% used [0x000000077b000000,0x000000077b1259c0,0x000000077b180000)
  to   space 14336K, 0% used [0x0000000779580000,0x0000000779580000,0x000000077a380000)
 ParOldGen       total 147456K, used 20217K [0x00000006c1800000, 0x00000006ca800000, 0x000000076b300000)
  object space 147456K, 13% used [0x00000006c1800000,0x00000006c2bbe6f8,0x00000006ca800000)
 Metaspace       used 35412K, capacity 36860K, committed 37248K, reserved 1081344K
  class space    used 4697K, capacity 4972K, committed 4992K, reserved 1048576K
}
Event: 11.926 GC heap before
{Heap before GC invocations=13 (full 2):
 PSYoungGen      total 232448K, used 232086K [0x000000076b300000, 0x000000077b180000, 0x00000007c0000000)
  eden space 230912K, 100% used [0x000000076b300000,0x0000000779480000,0x0000000779480000)
  from space 1536K, 76% used [0x000000077b000000,0x000000077b1259c0,0x000000077b180000)
  to   space 14336K, 0% used [0x0000000779580000,0x0000000779580000,0x000000077a380000)
 ParOldGen       total 147456K, used 20217K [0x00000006c1800000, 0x00000006ca800000, 0x000000076b300000)
  object space 147456K, 13% used [0x00000006c1800000,0x00000006c2bbe6f8,0x00000006ca800000)
 Metaspace       used 37872K, capacity 39596K, committed 39680K, reserved 1083392K
  class space    used 5033K, capacity 5370K, committed 5376K, reserved 1048576K
Event: 11.931 GC heap after
Heap after GC invocations=13 (full 2):
 PSYoungGen      total 246272K, used 6881K [0x000000076b300000, 0x000000077f900000, 0x00000007c0000000)
  eden space 231936K, 0% used [0x000000076b300000,0x000000076b300000,0x0000000779580000)
  from space 14336K, 47% used [0x0000000779580000,0x0000000779c38508,0x000000077a380000)
  to   space 13824K, 0% used [0x000000077eb80000,0x000000077eb80000,0x000000077f900000)
 ParOldGen       total 147456K, used 20433K [0x00000006c1800000, 0x00000006ca800000, 0x000000076b300000)
  object space 147456K, 13% used [0x00000006c1800000,0x00000006c2bf46f8,0x00000006ca800000)
 Metaspace       used 37872K, capacity 39596K, committed 39680K, reserved 1083392K
  class space    used 5033K, capacity 5370K, committed 5376K, reserved 1048576K
}
Event: 19.000 GC heap before
{Heap before GC invocations=14 (full 2):
 PSYoungGen      total 246272K, used 238817K [0x000000076b300000, 0x000000077f900000, 0x00000007c0000000)
  eden space 231936K, 100% used [0x000000076b300000,0x0000000779580000,0x0000000779580000)
  from space 14336K, 47% used [0x0000000779580000,0x0000000779c38508,0x000000077a380000)
  to   space 13824K, 0% used [0x000000077eb80000,0x000000077eb80000,0x000000077f900000)
 ParOldGen       total 147456K, used 20433K [0x00000006c1800000, 0x00000006ca800000, 0x000000076b300000)
  object space 147456K, 13% used [0x00000006c1800000,0x00000006c2bf46f8,0x00000006ca800000)
 Metaspace       used 42552K, capacity 44386K, committed 44416K, reserved 1087488K
  class space    used 5656K, capacity 6006K, committed 6016K, reserved 1048576K
Event: 19.013 GC heap after
Heap after GC invocations=14 (full 2):
 PSYoungGen      total 308224K, used 8610K [0x000000076b300000, 0x000000077f400000, 0x00000007c0000000)
  eden space 299520K, 0% used [0x000000076b300000,0x000000076b300000,0x000000077d780000)
  from space 8704K, 98% used [0x000000077eb80000,0x000000077f3e8838,0x000000077f400000)
  to   space 13824K, 0% used [0x000000077d900000,0x000000077d900000,0x000000077e680000)
 ParOldGen       total 147456K, used 25177K [0x00000006c1800000, 0x00000006ca800000, 0x000000076b300000)
  object space 147456K, 17% used [0x00000006c1800000,0x00000006c30966f8,0x00000006ca800000)
 Metaspace       used 42552K, capacity 44386K, committed 44416K, reserved 1087488K
  class space    used 5656K, capacity 6006K, committed 6016K, reserved 1048576K
}
Event: 41.085 GC heap before
{Heap before GC invocations=15 (full 2):
 PSYoungGen      total 308224K, used 308130K [0x000000076b300000, 0x000000077f400000, 0x00000007c0000000)
  eden space 299520K, 100% used [0x000000076b300000,0x000000077d780000,0x000000077d780000)
  from space 8704K, 98% used [0x000000077eb80000,0x000000077f3e8838,0x000000077f400000)
  to   space 13824K, 0% used [0x000000077d900000,0x000000077d900000,0x000000077e680000)
 ParOldGen       total 147456K, used 25177K [0x00000006c1800000, 0x00000006ca800000, 0x000000076b300000)
  object space 147456K, 17% used [0x00000006c1800000,0x00000006c30966f8,0x00000006ca800000)
 Metaspace       used 50710K, capacity 52658K, committed 52736K, reserved 1095680K
  class space    used 6768K, capacity 7114K, committed 7168K, reserved 1048576K
Event: 41.097 GC heap after
Heap after GC invocations=15 (full 2):
 PSYoungGen      total 314880K, used 11965K [0x000000076b300000, 0x0000000783e80000, 0x00000007c0000000)
  eden space 301056K, 0% used [0x000000076b300000,0x000000076b300000,0x000000077d900000)
  from space 13824K, 86% used [0x000000077d900000,0x000000077e4af598,0x000000077e680000)
  to   space 14848K, 0% used [0x0000000783000000,0x0000000783000000,0x0000000783e80000)
 ParOldGen       total 147456K, used 30026K [0x00000006c1800000, 0x00000006ca800000, 0x000000076b300000)
  object space 147456K, 20% used [0x00000006c1800000,0x00000006c35529e0,0x00000006ca800000)
 Metaspace       used 50710K, capacity 52658K, committed 52736K, reserved 1095680K
  class space    used 6768K, capacity 7114K, committed 7168K, reserved 1048576K
}

