# JRE version: Java(TM) SE Runtime Environment (8.0_181-b13) (build 1.8.0_181-b13)
# Java VM: Java HotSpot(TM) 64-Bit Server VM (25.181-b13 mixed mode windows-amd64 compressed oops)
Heap:
 PSYoungGen      total 313344K, used 179767K [0x000000076b300000, 0x0000000784700000, 0x00000007c0000000)
  eden space 299008K, 56% used [0x000000076b300000,0x00000007756bcd60,0x000000077d700000)
  from space 14336K, 84% used [0x000000077d700000,0x000000077e2d1058,0x000000077e500000)
  to   space 15360K, 0% used [0x0000000783800000,0x0000000783800000,0x0000000784700000)
 ParOldGen       total 145920K, used 30059K [0x00000006c1800000, 0x00000006ca680000, 0x000000076b300000)
  object space 145920K, 20% used [0x00000006c1800000,0x00000006c355af20,0x00000006ca680000)
 Metaspace       used 54977K, capacity 57030K, committed 57472K, reserved 1099776K
  class space    used 7325K, capacity 7712K, committed 7808K, reserved 1048576K
GC Heap History (10 events):
Event: 10.144 GC heap before
{Heap before GC invocations=11 (full 2):
 PSYoungGen      total 176128K, used 11643K [0x000000076b300000, 0x000000077b100000, 0x00000007c0000000)
  eden space 162816K, 0% used [0x000000076b300000,0x000000076b300000,0x0000000775200000)
  from space 13312K, 87% used [0x0000000775200000,0x0000000775d5ee00,0x0000000775f00000)
  to   space 14336K, 0% used [0x000000077a300000,0x000000077a300000,0x000000077b100000)
 ParOldGen       total 103424K, used 13601K [0x00000006c1800000, 0x00000006c7d00000, 0x000000076b300000)
  object space 103424K, 13% used [0x00000006c1800000,0x00000006c2548630,0x00000006c7d00000)
 Metaspace       used 33931K, capacity 35352K, committed 35496K, reserved 1079296K
  class space    used 4512K, capacity 4784K, committed 4864K, reserved 1048576K
Event: 10.181 GC heap after
Heap after GC invocations=11 (full 2):
 PSYoungGen      total 176128K, used 0K [0x000000076b300000, 0x000000077b100000, 0x00000007c0000000)
  eden space 162816K, 0% used [0x000000076b300000,0x000000076b300000,0x0000000775200000)
  from space 13312K, 0% used [0x0000000775200000,0x0000000775200000,0x0000000775f00000)
  to   space 14336K, 0% used [0x000000077a300000,0x000000077a300000,0x000000077b100000)
 ParOldGen       total 145920K, used 20503K [0x00000006c1800000, 0x00000006ca680000, 0x000000076b300000)
  object space 145920K, 14% used [0x00000006c1800000,0x00000006c2c05f68,0x00000006ca680000)
 Metaspace       used 33931K, capacity 35352K, committed 35496K, reserved 1079296K
  class space    used 4512K, capacity 4784K, committed 4864K, reserved 1048576K
}
Event: 11.514 GC heap before
{Heap before GC invocations=12 (full 2):
 PSYoungGen      total 176128K, used 162816K [0x000000076b300000, 0x000000077b100000, 0x00000007c0000000)
  eden space 162816K, 100% used [0x000000076b300000,0x0000000775200000,0x0000000775200000)
  from space 13312K, 0% used [0x0000000775200000,0x0000000775200000,0x0000000775f00000)
  to   space 14336K, 0% used [0x000000077a300000,0x000000077a300000,0x000000077b100000)
 ParOldGen       total 145920K, used 20503K [0x00000006c1800000, 0x00000006ca680000, 0x000000076b300000)
  object space 145920K, 14% used [0x00000006c1800000,0x00000006c2c05f68,0x00000006ca680000)
 Metaspace       used 35070K, capacity 36542K, committed 36736K, reserved 1081344K
  class space    used 4657K, capacity 4945K, committed 4992K, reserved 1048576K
Event: 11.516 GC heap after
Heap after GC invocations=12 (full 2):
 PSYoungGen      total 234496K, used 918K [0x000000076b300000, 0x000000077ac00000, 0x00000007c0000000)
  eden space 225280K, 0% used [0x000000076b300000,0x000000076b300000,0x0000000778f00000)
  from space 9216K, 9% used [0x000000077a300000,0x000000077a3e59c0,0x000000077ac00000)
  to   space 14848K, 0% used [0x0000000778f00000,0x0000000778f00000,0x0000000779d80000)
 ParOldGen       total 145920K, used 20511K [0x00000006c1800000, 0x00000006ca680000, 0x000000076b300000)
  object space 145920K, 14% used [0x00000006c1800000,0x00000006c2c07f68,0x00000006ca680000)
 Metaspace       used 35070K, capacity 36542K, committed 36736K, reserved 1081344K
  class space    used 4657K, capacity 4945K, committed 4992K, reserved 1048576K
}
Event: 13.193 GC heap before
{Heap before GC invocations=13 (full 2):
 PSYoungGen      total 234496K, used 226198K [0x000000076b300000, 0x000000077ac00000, 0x00000007c0000000)
  eden space 225280K, 100% used [0x000000076b300000,0x0000000778f00000,0x0000000778f00000)
  from space 9216K, 9% used [0x000000077a300000,0x000000077a3e59c0,0x000000077ac00000)
  to   space 14848K, 0% used [0x0000000778f00000,0x0000000778f00000,0x0000000779d80000)
 ParOldGen       total 145920K, used 20511K [0x00000006c1800000, 0x00000006ca680000, 0x000000076b300000)
  object space 145920K, 14% used [0x00000006c1800000,0x00000006c2c07f68,0x00000006ca680000)
 Metaspace       used 37345K, capacity 39076K, committed 39168K, reserved 1083392K
  class space    used 4964K, capacity 5304K, committed 5376K, reserved 1048576K
Event: 13.198 GC heap after
Heap after GC invocations=13 (full 2):
 PSYoungGen      total 240128K, used 6904K [0x000000076b300000, 0x000000077f880000, 0x00000007c0000000)
  eden space 225280K, 0% used [0x000000076b300000,0x000000076b300000,0x0000000778f00000)
  from space 14848K, 46% used [0x0000000778f00000,0x00000007795be0b0,0x0000000779d80000)
  to   space 14336K, 0% used [0x000000077ea80000,0x000000077ea80000,0x000000077f880000)
 ParOldGen       total 145920K, used 20519K [0x00000006c1800000, 0x00000006ca680000, 0x000000076b300000)
  object space 145920K, 14% used [0x00000006c1800000,0x00000006c2c09f68,0x00000006ca680000)
 Metaspace       used 37345K, capacity 39076K, committed 39168K, reserved 1083392K
  class space    used 4964K, capacity 5304K, committed 5376K, reserved 1048576K
}
Event: 18.407 GC heap before
{Heap before GC invocations=14 (full 2):
 PSYoungGen      total 240128K, used 232184K [0x000000076b300000, 0x000000077f880000, 0x00000007c0000000)
  eden space 225280K, 100% used [0x000000076b300000,0x0000000778f00000,0x0000000778f00000)
  from space 14848K, 46% used [0x0000000778f00000,0x00000007795be0b0,0x0000000779d80000)
  to   space 14336K, 0% used [0x000000077ea80000,0x000000077ea80000,0x000000077f880000)
 ParOldGen       total 145920K, used 20519K [0x00000006c1800000, 0x00000006ca680000, 0x000000076b300000)
  object space 145920K, 14% used [0x00000006c1800000,0x00000006c2c09f68,0x00000006ca680000)
 Metaspace       used 41637K, capacity 43514K, committed 43904K, reserved 1087488K
  class space    used 5544K, capacity 5908K, committed 6016K, reserved 1048576K
Event: 18.419 GC heap after
Heap after GC invocations=14 (full 2):
 PSYoungGen      total 306688K, used 8551K [0x000000076b300000, 0x000000077f300000, 0x00000007c0000000)
  eden space 297984K, 0% used [0x000000076b300000,0x000000076b300000,0x000000077d600000)
  from space 8704K, 98% used [0x000000077ea80000,0x000000077f2d9d10,0x000000077f300000)
  to   space 14336K, 0% used [0x000000077d700000,0x000000077d700000,0x000000077e500000)
 ParOldGen       total 145920K, used 25387K [0x00000006c1800000, 0x00000006ca680000, 0x000000076b300000)
  object space 145920K, 17% used [0x00000006c1800000,0x00000006c30caf78,0x00000006ca680000)
 Metaspace       used 41637K, capacity 43514K, committed 43904K, reserved 1087488K
  class space    used 5544K, capacity 5908K, committed 6016K, reserved 1048576K
}
Event: 37.684 GC heap before
{Heap before GC invocations=15 (full 2):
 PSYoungGen      total 306688K, used 306535K [0x000000076b300000, 0x000000077f300000, 0x00000007c0000000)
  eden space 297984K, 100% used [0x000000076b300000,0x000000077d600000,0x000000077d600000)
  from space 8704K, 98% used [0x000000077ea80000,0x000000077f2d9d10,0x000000077f300000)
  to   space 14336K, 0% used [0x000000077d700000,0x000000077d700000,0x000000077e500000)
 ParOldGen       total 145920K, used 25387K [0x00000006c1800000, 0x00000006ca680000, 0x000000076b300000)
  object space 145920K, 17% used [0x00000006c1800000,0x00000006c30caf78,0x00000006ca680000)
 Metaspace       used 49787K, capacity 51756K, committed 52096K, reserved 1093632K
  class space    used 6643K, capacity 6985K, committed 7040K, reserved 1048576K
Event: 37.697 GC heap after
Heap after GC invocations=15 (full 2):
 PSYoungGen      total 313344K, used 12100K [0x000000076b300000, 0x0000000784700000, 0x00000007c0000000)
  eden space 299008K, 0% used [0x000000076b300000,0x000000076b300000,0x000000077d700000)
  from space 14336K, 84% used [0x000000077d700000,0x000000077e2d1058,0x000000077e500000)
  to   space 15360K, 0% used [0x0000000783800000,0x0000000783800000,0x0000000784700000)
 ParOldGen       total 145920K, used 30059K [0x00000006c1800000, 0x00000006ca680000, 0x000000076b300000)
  object space 145920K, 20% used [0x00000006c1800000,0x00000006c355af20,0x00000006ca680000)
 Metaspace       used 49787K, capacity 51756K, committed 52096K, reserved 1093632K
  class space    used 6643K, capacity 6985K, committed 7040K, reserved 1048576K
}

