# JRE version: Java(TM) SE Runtime Environment (8.0_181-b13) (build 1.8.0_181-b13)
# Java VM: Java HotSpot(TM) 64-Bit Server VM (25.181-b13 mixed mode windows-amd64 compressed oops)
Heap:
 PSYoungGen      total 292352K, used 193500K [0x000000076b300000, 0x0000000782600000, 0x00000007c0000000)
  eden space 276992K, 64% used [0x000000076b300000,0x00000007760f9068,0x000000077c180000)
  from space 15360K, 99% used [0x000000077c180000,0x000000077d07e328,0x000000077d080000)
  to   space 18944K, 0% used [0x0000000781380000,0x0000000781380000,0x0000000782600000)
 ParOldGen       total 155648K, used 25120K [0x00000006c1800000, 0x00000006cb000000, 0x000000076b300000)
  object space 155648K, 16% used [0x00000006c1800000,0x00000006c3088088,0x00000006cb000000)
 Metaspace       used 55125K, capacity 57134K, committed 57472K, reserved 1099776K
  class space    used 7342K, capacity 7744K, committed 7808K, reserved 1048576K
GC Heap History (10 events):
Event: 8.380 GC heap before
{Heap before GC invocations=11 (full 2):
 PSYoungGen      total 174592K, used 11477K [0x000000076b300000, 0x000000077ad80000, 0x00000007c0000000)
  eden space 161280K, 0% used [0x000000076b300000,0x000000076b300000,0x0000000775080000)
  from space 13312K, 86% used [0x0000000775080000,0x0000000775bb55d8,0x0000000775d80000)
  to   space 14336K, 0% used [0x0000000779f80000,0x0000000779f80000,0x000000077ad80000)
 ParOldGen       total 104960K, used 13654K [0x00000006c1800000, 0x00000006c7e80000, 0x000000076b300000)
  object space 104960K, 13% used [0x00000006c1800000,0x00000006c25558f0,0x00000006c7e80000)
 Metaspace       used 33893K, capacity 35336K, committed 35496K, reserved 1079296K
  class space    used 4504K, capacity 4808K, committed 4864K, reserved 1048576K
Event: 8.419 GC heap after
Heap after GC invocations=11 (full 2):
 PSYoungGen      total 174592K, used 0K [0x000000076b300000, 0x000000077ad80000, 0x00000007c0000000)
  eden space 161280K, 0% used [0x000000076b300000,0x000000076b300000,0x0000000775080000)
  from space 13312K, 0% used [0x0000000775080000,0x0000000775080000,0x0000000775d80000)
  to   space 14336K, 0% used [0x0000000779f80000,0x0000000779f80000,0x000000077ad80000)
 ParOldGen       total 155648K, used 20492K [0x00000006c1800000, 0x00000006cb000000, 0x000000076b300000)
  object space 155648K, 13% used [0x00000006c1800000,0x00000006c2c030e8,0x00000006cb000000)
 Metaspace       used 33893K, capacity 35336K, committed 35496K, reserved 1079296K
  class space    used 4504K, capacity 4808K, committed 4864K, reserved 1048576K
}
Event: 9.772 GC heap before
{Heap before GC invocations=12 (full 2):
 PSYoungGen      total 174592K, used 161280K [0x000000076b300000, 0x000000077ad80000, 0x00000007c0000000)
  eden space 161280K, 100% used [0x000000076b300000,0x0000000775080000,0x0000000775080000)
  from space 13312K, 0% used [0x0000000775080000,0x0000000775080000,0x0000000775d80000)
  to   space 14336K, 0% used [0x0000000779f80000,0x0000000779f80000,0x000000077ad80000)
 ParOldGen       total 155648K, used 20492K [0x00000006c1800000, 0x00000006cb000000, 0x000000076b300000)
  object space 155648K, 13% used [0x00000006c1800000,0x00000006c2c030e8,0x00000006cb000000)
 Metaspace       used 35150K, capacity 36660K, committed 36992K, reserved 1081344K
  class space    used 4660K, capacity 4970K, committed 4992K, reserved 1048576K
Event: 9.774 GC heap after
Heap after GC invocations=12 (full 2):
 PSYoungGen      total 218624K, used 994K [0x000000076b300000, 0x000000077a280000, 0x00000007c0000000)
  eden space 215552K, 0% used [0x000000076b300000,0x000000076b300000,0x0000000778580000)
  from space 3072K, 32% used [0x0000000779f80000,0x000000077a0788a0,0x000000077a280000)
  to   space 14848K, 0% used [0x0000000778580000,0x0000000778580000,0x0000000779400000)
 ParOldGen       total 155648K, used 20500K [0x00000006c1800000, 0x00000006cb000000, 0x000000076b300000)
  object space 155648K, 13% used [0x00000006c1800000,0x00000006c2c050e8,0x00000006cb000000)
 Metaspace       used 35150K, capacity 36660K, committed 36992K, reserved 1081344K
  class space    used 4660K, capacity 4970K, committed 4992K, reserved 1048576K
}
Event: 11.631 GC heap before
{Heap before GC invocations=13 (full 2):
 PSYoungGen      total 218624K, used 216546K [0x000000076b300000, 0x000000077a280000, 0x00000007c0000000)
  eden space 215552K, 100% used [0x000000076b300000,0x0000000778580000,0x0000000778580000)
  from space 3072K, 32% used [0x0000000779f80000,0x000000077a0788a0,0x000000077a280000)
  to   space 14848K, 0% used [0x0000000778580000,0x0000000778580000,0x0000000779400000)
 ParOldGen       total 155648K, used 20500K [0x00000006c1800000, 0x00000006cb000000, 0x000000076b300000)
  object space 155648K, 13% used [0x00000006c1800000,0x00000006c2c050e8,0x00000006cb000000)
 Metaspace       used 37262K, capacity 38854K, committed 39168K, reserved 1083392K
  class space    used 4938K, capacity 5251K, committed 5376K, reserved 1048576K
Event: 11.636 GC heap after
Heap after GC invocations=13 (full 2):
 PSYoungGen      total 230400K, used 6496K [0x000000076b300000, 0x000000077e200000, 0x00000007c0000000)
  eden space 215552K, 0% used [0x000000076b300000,0x000000076b300000,0x0000000778580000)
  from space 14848K, 43% used [0x0000000778580000,0x0000000778bd8228,0x0000000779400000)
  to   space 14336K, 0% used [0x000000077d400000,0x000000077d400000,0x000000077e200000)
 ParOldGen       total 155648K, used 20508K [0x00000006c1800000, 0x00000006cb000000, 0x000000076b300000)
  object space 155648K, 13% used [0x00000006c1800000,0x00000006c2c070e8,0x00000006cb000000)
 Metaspace       used 37262K, capacity 38854K, committed 39168K, reserved 1083392K
  class space    used 4938K, capacity 5251K, committed 5376K, reserved 1048576K
}
Event: 16.798 GC heap before
{Heap before GC invocations=14 (full 2):
 PSYoungGen      total 230400K, used 222048K [0x000000076b300000, 0x000000077e200000, 0x00000007c0000000)
  eden space 215552K, 100% used [0x000000076b300000,0x0000000778580000,0x0000000778580000)
  from space 14848K, 43% used [0x0000000778580000,0x0000000778bd8228,0x0000000779400000)
  to   space 14336K, 0% used [0x000000077d400000,0x000000077d400000,0x000000077e200000)
 ParOldGen       total 155648K, used 20508K [0x00000006c1800000, 0x00000006cb000000, 0x000000076b300000)
  object space 155648K, 13% used [0x00000006c1800000,0x00000006c2c070e8,0x00000006cb000000)
 Metaspace       used 40950K, capacity 42792K, committed 43008K, reserved 1087488K
  class space    used 5440K, capacity 5775K, committed 5888K, reserved 1048576K
Event: 16.808 GC heap after
Heap after GC invocations=14 (full 2):
 PSYoungGen      total 286720K, used 11415K [0x000000076b300000, 0x000000077df80000, 0x00000007c0000000)
  eden space 274944K, 0% used [0x000000076b300000,0x000000076b300000,0x000000077bf80000)
  from space 11776K, 96% used [0x000000077d400000,0x000000077df25d88,0x000000077df80000)
  to   space 15360K, 0% used [0x000000077c180000,0x000000077c180000,0x000000077d080000)
 ParOldGen       total 155648K, used 20708K [0x00000006c1800000, 0x00000006cb000000, 0x000000076b300000)
  object space 155648K, 13% used [0x00000006c1800000,0x00000006c2c390e8,0x00000006cb000000)
 Metaspace       used 40950K, capacity 42792K, committed 43008K, reserved 1087488K
  class space    used 5440K, capacity 5775K, committed 5888K, reserved 1048576K
}
Event: 29.982 GC heap before
{Heap before GC invocations=15 (full 2):
 PSYoungGen      total 286720K, used 286359K [0x000000076b300000, 0x000000077df80000, 0x00000007c0000000)
  eden space 274944K, 100% used [0x000000076b300000,0x000000077bf80000,0x000000077bf80000)
  from space 11776K, 96% used [0x000000077d400000,0x000000077df25d88,0x000000077df80000)
  to   space 15360K, 0% used [0x000000077c180000,0x000000077c180000,0x000000077d080000)
 ParOldGen       total 155648K, used 20708K [0x00000006c1800000, 0x00000006cb000000, 0x000000076b300000)
  object space 155648K, 13% used [0x00000006c1800000,0x00000006c2c390e8,0x00000006cb000000)
 Metaspace       used 49625K, capacity 51604K, committed 51840K, reserved 1093632K
  class space    used 6646K, capacity 7017K, committed 7040K, reserved 1048576K
Event: 30.003 GC heap after
Heap after GC invocations=15 (full 2):
 PSYoungGen      total 292352K, used 15352K [0x000000076b300000, 0x0000000782600000, 0x00000007c0000000)
  eden space 276992K, 0% used [0x000000076b300000,0x000000076b300000,0x000000077c180000)
  from space 15360K, 99% used [0x000000077c180000,0x000000077d07e328,0x000000077d080000)
  to   space 18944K, 0% used [0x0000000781380000,0x0000000781380000,0x0000000782600000)
 ParOldGen       total 155648K, used 25120K [0x00000006c1800000, 0x00000006cb000000, 0x000000076b300000)
  object space 155648K, 16% used [0x00000006c1800000,0x00000006c3088088,0x00000006cb000000)
 Metaspace       used 49625K, capacity 51604K, committed 51840K, reserved 1093632K
  class space    used 6646K, capacity 7017K, committed 7040K, reserved 1048576K
}

