# JRE version: Java(TM) SE Runtime Environment (8.0_181-b13) (build 1.8.0_181-b13)
# Java VM: Java HotSpot(TM) 64-Bit Server VM (25.181-b13 mixed mode windows-amd64 compressed oops)
Heap:
 PSYoungGen      total 273408K, used 19030K [0x000000076b300000, 0x0000000780080000, 0x00000007c0000000)
  eden space 259072K, 4% used [0x000000076b300000,0x000000076bde6630,0x000000077b000000)
  from space 14336K, 54% used [0x000000077b000000,0x000000077b7af2b0,0x000000077be00000)
  to   space 13824K, 0% used [0x000000077f300000,0x000000077f300000,0x0000000780080000)
 ParOldGen       total 145408K, used 30845K [0x00000006c1800000, 0x00000006ca600000, 0x000000076b300000)
  object space 145408K, 21% used [0x00000006c1800000,0x00000006c361f4e8,0x00000006ca600000)
 Metaspace       used 52598K, capacity 54612K, committed 55040K, reserved 1097728K
  class space    used 7012K, capacity 7381K, committed 7424K, reserved 1048576K
GC Heap History (10 events):
Event: 14.700 GC heap before
{Heap before GC invocations=13 (full 2):
 PSYoungGen      total 172032K, used 160768K [0x000000076b300000, 0x0000000776800000, 0x00000007c0000000)
  eden space 160768K, 100% used [0x000000076b300000,0x0000000775000000,0x0000000775000000)
  from space 11264K, 0% used [0x0000000775d00000,0x0000000775d00000,0x0000000776800000)
  to   space 12288K, 0% used [0x0000000775000000,0x0000000775000000,0x0000000775c00000)
 ParOldGen       total 145408K, used 19366K [0x00000006c1800000, 0x00000006ca600000, 0x000000076b300000)
  object space 145408K, 13% used [0x00000006c1800000,0x00000006c2ae9988,0x00000006ca600000)
 Metaspace       used 35058K, capacity 36546K, committed 36992K, reserved 1081344K
  class space    used 4657K, capacity 4945K, committed 4992K, reserved 1048576K
Event: 14.702 GC heap after
Heap after GC invocations=13 (full 2):
 PSYoungGen      total 173056K, used 982K [0x000000076b300000, 0x0000000779c00000, 0x00000007c0000000)
  eden space 160768K, 0% used [0x000000076b300000,0x000000076b300000,0x0000000775000000)
  from space 12288K, 7% used [0x0000000775000000,0x00000007750f59c0,0x0000000775c00000)
  to   space 12800K, 0% used [0x0000000778f80000,0x0000000778f80000,0x0000000779c00000)
 ParOldGen       total 145408K, used 19374K [0x00000006c1800000, 0x00000006ca600000, 0x000000076b300000)
  object space 145408K, 13% used [0x00000006c1800000,0x00000006c2aeb988,0x00000006ca600000)
 Metaspace       used 35058K, capacity 36546K, committed 36992K, reserved 1081344K
  class space    used 4657K, capacity 4945K, committed 4992K, reserved 1048576K
}
Event: 16.353 GC heap before
{Heap before GC invocations=14 (full 2):
 PSYoungGen      total 173056K, used 161750K [0x000000076b300000, 0x0000000779c00000, 0x00000007c0000000)
  eden space 160768K, 100% used [0x000000076b300000,0x0000000775000000,0x0000000775000000)
  from space 12288K, 7% used [0x0000000775000000,0x00000007750f59c0,0x0000000775c00000)
  to   space 12800K, 0% used [0x0000000778f80000,0x0000000778f80000,0x0000000779c00000)
 ParOldGen       total 145408K, used 19374K [0x00000006c1800000, 0x00000006ca600000, 0x000000076b300000)
  object space 145408K, 13% used [0x00000006c1800000,0x00000006c2aeb988,0x00000006ca600000)
 Metaspace       used 36787K, capacity 38360K, committed 38528K, reserved 1083392K
  class space    used 4874K, capacity 5178K, committed 5248K, reserved 1048576K
Event: 16.357 GC heap after
Heap after GC invocations=14 (full 2):
 PSYoungGen      total 214528K, used 5005K [0x000000076b300000, 0x0000000779600000, 0x00000007c0000000)
  eden space 207872K, 0% used [0x000000076b300000,0x000000076b300000,0x0000000777e00000)
  from space 6656K, 75% used [0x0000000778f80000,0x00000007794637b0,0x0000000779600000)
  to   space 12288K, 0% used [0x0000000777e00000,0x0000000777e00000,0x0000000778a00000)
 ParOldGen       total 145408K, used 19574K [0x00000006c1800000, 0x00000006ca600000, 0x000000076b300000)
  object space 145408K, 13% used [0x00000006c1800000,0x00000006c2b1d988,0x00000006ca600000)
 Metaspace       used 36787K, capacity 38360K, committed 38528K, reserved 1083392K
  class space    used 4874K, capacity 5178K, committed 5248K, reserved 1048576K
}
Event: 20.868 GC heap before
{Heap before GC invocations=15 (full 2):
 PSYoungGen      total 214528K, used 212877K [0x000000076b300000, 0x0000000779600000, 0x00000007c0000000)
  eden space 207872K, 100% used [0x000000076b300000,0x0000000777e00000,0x0000000777e00000)
  from space 6656K, 75% used [0x0000000778f80000,0x00000007794637b0,0x0000000779600000)
  to   space 12288K, 0% used [0x0000000777e00000,0x0000000777e00000,0x0000000778a00000)
 ParOldGen       total 145408K, used 19574K [0x00000006c1800000, 0x00000006ca600000, 0x000000076b300000)
  object space 145408K, 13% used [0x00000006c1800000,0x00000006c2b1d988,0x00000006ca600000)
 Metaspace       used 38379K, capacity 40176K, committed 40320K, reserved 1083392K
  class space    used 5131K, capacity 5459K, committed 5504K, reserved 1048576K
Event: 20.874 GC heap after
Heap after GC invocations=15 (full 2):
 PSYoungGen      total 220160K, used 5063K [0x000000076b300000, 0x000000077ca00000, 0x00000007c0000000)
  eden space 207872K, 0% used [0x000000076b300000,0x000000076b300000,0x0000000777e00000)
  from space 12288K, 41% used [0x0000000777e00000,0x00000007782f1c78,0x0000000778a00000)
  to   space 12288K, 0% used [0x000000077be00000,0x000000077be00000,0x000000077ca00000)
 ParOldGen       total 145408K, used 23078K [0x00000006c1800000, 0x00000006ca600000, 0x000000076b300000)
  object space 145408K, 15% used [0x00000006c1800000,0x00000006c2e89988,0x00000006ca600000)
 Metaspace       used 38379K, capacity 40176K, committed 40320K, reserved 1083392K
  class space    used 5131K, capacity 5459K, committed 5504K, reserved 1048576K
}
Event: 22.922 GC heap before
{Heap before GC invocations=16 (full 2):
 PSYoungGen      total 220160K, used 212935K [0x000000076b300000, 0x000000077ca00000, 0x00000007c0000000)
  eden space 207872K, 100% used [0x000000076b300000,0x0000000777e00000,0x0000000777e00000)
  from space 12288K, 41% used [0x0000000777e00000,0x00000007782f1c78,0x0000000778a00000)
  to   space 12288K, 0% used [0x000000077be00000,0x000000077be00000,0x000000077ca00000)
 ParOldGen       total 145408K, used 23078K [0x00000006c1800000, 0x00000006ca600000, 0x000000076b300000)
  object space 145408K, 15% used [0x00000006c1800000,0x00000006c2e89988,0x00000006ca600000)
 Metaspace       used 44879K, capacity 46750K, committed 47104K, reserved 1089536K
  class space    used 6032K, capacity 6362K, committed 6400K, reserved 1048576K
Event: 22.932 GC heap after
Heap after GC invocations=16 (full 2):
 PSYoungGen      total 271360K, used 12279K [0x000000076b300000, 0x000000077cc00000, 0x00000007c0000000)
  eden space 259072K, 0% used [0x000000076b300000,0x000000076b300000,0x000000077b000000)
  from space 12288K, 99% used [0x000000077be00000,0x000000077c9fde40,0x000000077ca00000)
  to   space 14336K, 0% used [0x000000077b000000,0x000000077b000000,0x000000077be00000)
 ParOldGen       total 145408K, used 23936K [0x00000006c1800000, 0x00000006ca600000, 0x000000076b300000)
  object space 145408K, 16% used [0x00000006c1800000,0x00000006c2f601b0,0x00000006ca600000)
 Metaspace       used 44879K, capacity 46750K, committed 47104K, reserved 1089536K
  class space    used 6032K, capacity 6362K, committed 6400K, reserved 1048576K
}
Event: 39.985 GC heap before
{Heap before GC invocations=17 (full 2):
 PSYoungGen      total 271360K, used 271351K [0x000000076b300000, 0x000000077cc00000, 0x00000007c0000000)
  eden space 259072K, 100% used [0x000000076b300000,0x000000077b000000,0x000000077b000000)
  from space 12288K, 99% used [0x000000077be00000,0x000000077c9fde40,0x000000077ca00000)
  to   space 14336K, 0% used [0x000000077b000000,0x000000077b000000,0x000000077be00000)
 ParOldGen       total 145408K, used 23936K [0x00000006c1800000, 0x00000006ca600000, 0x000000076b300000)
  object space 145408K, 16% used [0x00000006c1800000,0x00000006c2f601b0,0x00000006ca600000)
 Metaspace       used 52561K, capacity 54594K, committed 54784K, reserved 1097728K
  class space    used 7005K, capacity 7378K, committed 7424K, reserved 1048576K
Event: 40.000 GC heap after
Heap after GC invocations=17 (full 2):
 PSYoungGen      total 273408K, used 7868K [0x000000076b300000, 0x0000000780080000, 0x00000007c0000000)
  eden space 259072K, 0% used [0x000000076b300000,0x000000076b300000,0x000000077b000000)
  from space 14336K, 54% used [0x000000077b000000,0x000000077b7af2b0,0x000000077be00000)
  to   space 13824K, 0% used [0x000000077f300000,0x000000077f300000,0x0000000780080000)
 ParOldGen       total 145408K, used 30845K [0x00000006c1800000, 0x00000006ca600000, 0x000000076b300000)
  object space 145408K, 21% used [0x00000006c1800000,0x00000006c361f4e8,0x00000006ca600000)
 Metaspace       used 52561K, capacity 54594K, committed 54784K, reserved 1097728K
  class space    used 7005K, capacity 7378K, committed 7424K, reserved 1048576K
}

