# JRE version: Java(TM) SE Runtime Environment (8.0_181-b13) (build 1.8.0_181-b13)
# Java VM: Java HotSpot(TM) 64-Bit Server VM (25.181-b13 mixed mode windows-amd64 compressed oops)
Heap:
 PSYoungGen      total 322560K, used 106681K [0x000000076b300000, 0x0000000784a00000, 0x00000007c0000000)
  eden space 308736K, 30% used [0x000000076b300000,0x0000000770fd1b70,0x000000077e080000)
  from space 13824K, 84% used [0x000000077e080000,0x000000077ebdc978,0x000000077ee00000)
  to   space 14848K, 0% used [0x0000000783b80000,0x0000000783b80000,0x0000000784a00000)
 ParOldGen       total 144384K, used 30345K [0x00000006c1800000, 0x00000006ca500000, 0x000000076b300000)
  object space 144384K, 21% used [0x00000006c1800000,0x00000006c35a24d0,0x00000006ca500000)
 Metaspace       used 54984K, capacity 57026K, committed 57472K, reserved 1099776K
  class space    used 7320K, capacity 7710K, committed 7808K, reserved 1048576K
GC Heap History (10 events):
Event: 8.616 GC heap before
{Heap before GC invocations=11 (full 2):
 PSYoungGen      total 186368K, used 10318K [0x000000076b300000, 0x000000077c080000, 0x00000007c0000000)
  eden space 172544K, 0% used [0x000000076b300000,0x000000076b300000,0x0000000775b80000)
  from space 13824K, 74% used [0x0000000775b80000,0x00000007765939f8,0x0000000776900000)
  to   space 14336K, 0% used [0x000000077b280000,0x000000077b280000,0x000000077c080000)
 ParOldGen       total 98304K, used 14795K [0x00000006c1800000, 0x00000006c7800000, 0x000000076b300000)
  object space 98304K, 15% used [0x00000006c1800000,0x00000006c2672cc8,0x00000006c7800000)
 Metaspace       used 33897K, capacity 35336K, committed 35496K, reserved 1079296K
  class space    used 4509K, capacity 4808K, committed 4864K, reserved 1048576K
Event: 8.655 GC heap after
Heap after GC invocations=11 (full 2):
 PSYoungGen      total 186368K, used 0K [0x000000076b300000, 0x000000077c080000, 0x00000007c0000000)
  eden space 172544K, 0% used [0x000000076b300000,0x000000076b300000,0x0000000775b80000)
  from space 13824K, 0% used [0x0000000775b80000,0x0000000775b80000,0x0000000776900000)
  to   space 14336K, 0% used [0x000000077b280000,0x000000077b280000,0x000000077c080000)
 ParOldGen       total 144384K, used 20312K [0x00000006c1800000, 0x00000006ca500000, 0x000000076b300000)
  object space 144384K, 14% used [0x00000006c1800000,0x00000006c2bd6138,0x00000006ca500000)
 Metaspace       used 33897K, capacity 35336K, committed 35496K, reserved 1079296K
  class space    used 4509K, capacity 4808K, committed 4864K, reserved 1048576K
}
Event: 11.475 GC heap before
{Heap before GC invocations=12 (full 2):
 PSYoungGen      total 186368K, used 172544K [0x000000076b300000, 0x000000077c080000, 0x00000007c0000000)
  eden space 172544K, 100% used [0x000000076b300000,0x0000000775b80000,0x0000000775b80000)
  from space 13824K, 0% used [0x0000000775b80000,0x0000000775b80000,0x0000000776900000)
  to   space 14336K, 0% used [0x000000077b280000,0x000000077b280000,0x000000077c080000)
 ParOldGen       total 144384K, used 20312K [0x00000006c1800000, 0x00000006ca500000, 0x000000076b300000)
  object space 144384K, 14% used [0x00000006c1800000,0x00000006c2bd6138,0x00000006ca500000)
 Metaspace       used 35182K, capacity 36714K, committed 36992K, reserved 1081344K
  class space    used 4672K, capacity 4979K, committed 4992K, reserved 1048576K
Event: 11.477 GC heap after
Heap after GC invocations=12 (full 2):
 PSYoungGen      total 236032K, used 1270K [0x000000076b300000, 0x000000077b480000, 0x00000007c0000000)
  eden space 233984K, 0% used [0x000000076b300000,0x000000076b300000,0x0000000779780000)
  from space 2048K, 62% used [0x000000077b280000,0x000000077b3bd9c0,0x000000077b480000)
  to   space 14848K, 0% used [0x0000000779780000,0x0000000779780000,0x000000077a600000)
 ParOldGen       total 144384K, used 20320K [0x00000006c1800000, 0x00000006ca500000, 0x000000076b300000)
  object space 144384K, 14% used [0x00000006c1800000,0x00000006c2bd8138,0x00000006ca500000)
 Metaspace       used 35182K, capacity 36714K, committed 36992K, reserved 1081344K
  class space    used 4672K, capacity 4979K, committed 4992K, reserved 1048576K
}
Event: 12.377 GC heap before
{Heap before GC invocations=13 (full 2):
 PSYoungGen      total 236032K, used 235254K [0x000000076b300000, 0x000000077b480000, 0x00000007c0000000)
  eden space 233984K, 100% used [0x000000076b300000,0x0000000779780000,0x0000000779780000)
  from space 2048K, 62% used [0x000000077b280000,0x000000077b3bd9c0,0x000000077b480000)
  to   space 14848K, 0% used [0x0000000779780000,0x0000000779780000,0x000000077a600000)
 ParOldGen       total 144384K, used 20320K [0x00000006c1800000, 0x00000006ca500000, 0x000000076b300000)
  object space 144384K, 14% used [0x00000006c1800000,0x00000006c2bd8138,0x00000006ca500000)
 Metaspace       used 37634K, capacity 39382K, committed 39424K, reserved 1083392K
  class space    used 5005K, capacity 5339K, committed 5376K, reserved 1048576K
Event: 12.383 GC heap after
Heap after GC invocations=13 (full 2):
 PSYoungGen      total 248832K, used 6721K [0x000000076b300000, 0x0000000780000000, 0x00000007c0000000)
  eden space 233984K, 0% used [0x000000076b300000,0x000000076b300000,0x0000000779780000)
  from space 14848K, 45% used [0x0000000779780000,0x0000000779e10508,0x000000077a600000)
  to   space 13824K, 0% used [0x000000077f280000,0x000000077f280000,0x0000000780000000)
 ParOldGen       total 144384K, used 20840K [0x00000006c1800000, 0x00000006ca500000, 0x000000076b300000)
  object space 144384K, 14% used [0x00000006c1800000,0x00000006c2c5a178,0x00000006ca500000)
 Metaspace       used 37634K, capacity 39382K, committed 39424K, reserved 1083392K
  class space    used 5005K, capacity 5339K, committed 5376K, reserved 1048576K
}
Event: 17.418 GC heap before
{Heap before GC invocations=14 (full 2):
 PSYoungGen      total 248832K, used 240705K [0x000000076b300000, 0x0000000780000000, 0x00000007c0000000)
  eden space 233984K, 100% used [0x000000076b300000,0x0000000779780000,0x0000000779780000)
  from space 14848K, 45% used [0x0000000779780000,0x0000000779e10508,0x000000077a600000)
  to   space 13824K, 0% used [0x000000077f280000,0x000000077f280000,0x0000000780000000)
 ParOldGen       total 144384K, used 20840K [0x00000006c1800000, 0x00000006ca500000, 0x000000076b300000)
  object space 144384K, 14% used [0x00000006c1800000,0x00000006c2c5a178,0x00000006ca500000)
 Metaspace       used 42634K, capacity 44518K, committed 44672K, reserved 1087488K
  class space    used 5679K, capacity 6006K, committed 6016K, reserved 1048576K
Event: 17.426 GC heap after
Heap after GC invocations=14 (full 2):
 PSYoungGen      total 314880K, used 8973K [0x000000076b300000, 0x000000077fb80000, 0x00000007c0000000)
  eden space 305664K, 0% used [0x000000076b300000,0x000000076b300000,0x000000077dd80000)
  from space 9216K, 97% used [0x000000077f280000,0x000000077fb434e8,0x000000077fb80000)
  to   space 13824K, 0% used [0x000000077e080000,0x000000077e080000,0x000000077ee00000)
 ParOldGen       total 144384K, used 25428K [0x00000006c1800000, 0x00000006ca500000, 0x000000076b300000)
  object space 144384K, 17% used [0x00000006c1800000,0x00000006c30d5188,0x00000006ca500000)
 Metaspace       used 42634K, capacity 44518K, committed 44672K, reserved 1087488K
  class space    used 5679K, capacity 6006K, committed 6016K, reserved 1048576K
}
Event: 34.932 GC heap before
{Heap before GC invocations=15 (full 2):
 PSYoungGen      total 314880K, used 314637K [0x000000076b300000, 0x000000077fb80000, 0x00000007c0000000)
  eden space 305664K, 100% used [0x000000076b300000,0x000000077dd80000,0x000000077dd80000)
  from space 9216K, 97% used [0x000000077f280000,0x000000077fb434e8,0x000000077fb80000)
  to   space 13824K, 0% used [0x000000077e080000,0x000000077e080000,0x000000077ee00000)
 ParOldGen       total 144384K, used 25428K [0x00000006c1800000, 0x00000006ca500000, 0x000000076b300000)
  object space 144384K, 17% used [0x00000006c1800000,0x00000006c30d5188,0x00000006ca500000)
 Metaspace       used 50779K, capacity 52782K, committed 53120K, reserved 1095680K
  class space    used 6795K, capacity 7176K, committed 7296K, reserved 1048576K
Event: 34.944 GC heap after
Heap after GC invocations=15 (full 2):
 PSYoungGen      total 322560K, used 11634K [0x000000076b300000, 0x0000000784a00000, 0x00000007c0000000)
  eden space 308736K, 0% used [0x000000076b300000,0x000000076b300000,0x000000077e080000)
  from space 13824K, 84% used [0x000000077e080000,0x000000077ebdc978,0x000000077ee00000)
  to   space 14848K, 0% used [0x0000000783b80000,0x0000000783b80000,0x0000000784a00000)
 ParOldGen       total 144384K, used 30345K [0x00000006c1800000, 0x00000006ca500000, 0x000000076b300000)
  object space 144384K, 21% used [0x00000006c1800000,0x00000006c35a24d0,0x00000006ca500000)
 Metaspace       used 50779K, capacity 52782K, committed 53120K, reserved 1095680K
  class space    used 6795K, capacity 7176K, committed 7296K, reserved 1048576K
}

